<?xml version="1.0" encoding="UTF-8"?>
<testsuite name="unit.Response.ApplicationUserResponseHandlerTest" tests="1" skipped="0" failures="0" errors="0" timestamp="2023-11-22T01:47:15" hostname="GCLIT302" time="0.107">
  <properties/>
  <testcase name="generateResponseWithValidArgsReturnsResponseEntity()" classname="unit.Response.ApplicationUserResponseHandlerTest" time="0.107"/>
  <system-out><![CDATA[]]></system-out>
  <system-err><![CDATA[]]></system-err>
</testsuite>
