<?xml version="1.0" encoding="UTF-8"?>
<testsuite name="unit.EmailValidationTest" tests="2" skipped="0" failures="0" errors="0" timestamp="2023-10-24T19:13:25" hostname="GCLIT302" time="0.998">
  <properties/>
  <testcase name="validateEmailThrowsIllegalArgumentExceptionWithInvalidEmail()" classname="unit.EmailValidationTest" time="0.989"/>
  <testcase name="validateEmailReturnsTrueWithValidEmails()" classname="unit.EmailValidationTest" time="0.008"/>
  <system-out><![CDATA[]]></system-out>
  <system-err><![CDATA[]]></system-err>
</testsuite>
